<?xml version="1.0" encoding="UTF-8"?>
<!-- Generated by org.testng.reporters.JUnitReportReporter -->
<testsuite hostname="LAPTOP-5KVODS8V" failures="0" tests="1" name="remoteTest.dockerValidation.chromeTest2" time="8.756" errors="0" timestamp="2024-02-14T10:33:07 CST" skipped="0">
  <testcase classname="remoteTest.dockerValidation.chromeTest2" name="test1" time="8.756"/>
  <system-out/>
</testsuite> <!-- remoteTest.dockerValidation.chromeTest2 -->
