<?xml version="1.0" encoding="UTF-8"?>
<!-- Generated by org.testng.reporters.JUnitReportReporter -->
<testsuite hostname="LAPTOP-5KVODS8V" failures="0" tests="1" name="remoteTest.dockerValidation.startDocker" time="16.813" errors="0" timestamp="2024-02-14T09:00:02 CST" skipped="0">
  <testcase classname="remoteTest.dockerValidation.startDocker" name="startFile" time="16.813"/>
  <system-out/>
</testsuite> <!-- remoteTest.dockerValidation.startDocker -->
