<?xml version="1.0" encoding="UTF-8"?>
<!-- Generated by org.testng.reporters.JUnitReportReporter -->
<testsuite hostname="MP2CB7AN" failures="0" tests="1" name="remoteTest.dockerValidation.chromeTest3" time="13.151" errors="0" timestamp="2024-02-15T15:37:41 CST" skipped="0">
  <testcase classname="remoteTest.dockerValidation.chromeTest3" name="test2" time="13.151"/>
  <system-out/>
</testsuite> <!-- remoteTest.dockerValidation.chromeTest3 -->
