<?xml version="1.0" encoding="UTF-8"?>
<!-- Generated by org.testng.reporters.JUnitReportReporter -->
<testsuite hostname="LAPTOP-5KVODS8V" failures="0" tests="1" name="remoteTest.dockerValidation.chromeTest4" time="0.000" errors="0" timestamp="2024-02-15T18:21:52 CST" skipped="1">
  <testcase classname="remoteTest.dockerValidation.chromeTest4" name="test3" time="0.000">
    <skipped/>
  </testcase> <!-- test3 -->
  <system-out/>
</testsuite> <!-- remoteTest.dockerValidation.chromeTest4 -->
