<?xml version="1.0" encoding="UTF-8"?>
<!-- Generated by org.testng.reporters.JUnitReportReporter -->
<testsuite hostname="LAPTOP-5KVODS8V" failures="0" tests="1" name="remoteTest.dockerValidation.chromeTest4" time="15.432" errors="0" timestamp="2024-02-14T10:33:07 CST" skipped="0">
  <testcase classname="remoteTest.dockerValidation.chromeTest4" name="test3" time="15.432"/>
  <system-out/>
</testsuite> <!-- remoteTest.dockerValidation.chromeTest4 -->
