<?xml version="1.0" encoding="UTF-8"?>
<!-- Generated by org.testng.reporters.JUnitReportReporter -->
<testsuite hostname="MP2CB7AN" failures="0" tests="1" name="remoteTest.dockerValidation.chromeTest2" time="11.438" errors="0" timestamp="2024-02-15T15:37:41 CST" skipped="0">
  <testcase classname="remoteTest.dockerValidation.chromeTest2" name="test1" time="11.438"/>
  <system-out/>
</testsuite> <!-- remoteTest.dockerValidation.chromeTest2 -->
