<?xml version="1.0" encoding="UTF-8"?>
<!-- Generated by org.testng.reporters.JUnitReportReporter -->
<testsuite hostname="LAPTOP-5KVODS8V" failures="0" tests="1" name="remoteTest.dockerValidation.chromeTest4" time="15.850" errors="0" timestamp="15 Feb 2024 16:39:36 GMT" skipped="0">
  <testcase classname="remoteTest.dockerValidation.chromeTest4" name="test3" time="15.850"/>
</testsuite> <!-- remoteTest.dockerValidation.chromeTest4 -->
